\BOOKMARK [1][-]{section.1}{Motivation and Objectives}{}% 1
\BOOKMARK [1][-]{section.2}{The algorithm}{}% 2
\BOOKMARK [2][-]{subsection.2.1}{InitializePopulation}{section.2}% 3
\BOOKMARK [2][-]{subsection.2.2}{EvaluatePopulation}{section.2}% 4
\BOOKMARK [2][-]{subsection.2.3}{SortPopulation}{section.2}% 5
\BOOKMARK [3][-]{subsubsection.2.3.1}{Ranking}{subsection.2.3}% 6
\BOOKMARK [3][-]{subsubsection.2.3.2}{Crowding Distance}{subsection.2.3}% 7
\BOOKMARK [2][-]{subsection.2.4}{selectionTournament}{section.2}% 8
\BOOKMARK [2][-]{subsection.2.5}{GeneticOperators}{section.2}% 9
\BOOKMARK [3][-]{subsubsection.2.5.1}{Recombination}{subsection.2.5}% 10
\BOOKMARK [3][-]{subsubsection.2.5.2}{Mutation}{subsection.2.5}% 11
\BOOKMARK [2][-]{subsection.2.6}{cropPopulation}{section.2}% 12
\BOOKMARK [2][-]{subsection.2.7}{stopCriterion}{section.2}% 13
\BOOKMARK [1][-]{section.3}{Determining hyperparameters}{}% 14
\BOOKMARK [2][-]{subsection.3.1}{Manual search}{section.3}% 15
\BOOKMARK [2][-]{subsection.3.2}{Parameter Sweep}{section.3}% 16
\BOOKMARK [2][-]{subsection.3.3}{Genetic Optimization}{section.3}% 17
\BOOKMARK [1][-]{section.4}{Differential Pair}{}% 18
\BOOKMARK [1][-]{section.5}{Future Improvements}{}% 19
\BOOKMARK [1][-]{section.6}{Summary of Achievements}{}% 20
\BOOKMARK [1][-]{section.6}{Bibliography}{}% 21
